Using pre-set license
Built from '2020.3/staging' branch; Version is '2020.3.10f1 (297d780c91bc) revision 2719096'; Using compiler version '192528614'; Build Type 'Release'
OS: 'Windows 10 Home; OS build 19042.867; Version 2009; 64bit' Language: 'es' Physical Memory: 8090 MB
BatchMode: 1, IsHumanControllingUs: 0, StartBugReporterOnCrash: 0, Is64bit: 1, IsPro: 0

 COMMAND LINE ARGUMENTS:
C:\Program Files\2020.3.10f1\Editor\Unity.exe
-adb2
-batchMode
-noUpm
-name
AssetImportWorker0
-projectPath
C:/Users/beltr/OneDrive/Documentos/Màster/Project/MSc-Project/Master's project
-logFile
Logs/AssetImportWorker0.log
-srvPort
65311
Successfully changed project path to: C:/Users/beltr/OneDrive/Documentos/Màster/Project/MSc-Project/Master's project
C:/Users/beltr/OneDrive/Documentos/Màster/Project/MSc-Project/Master's project
Using Asset Import Pipeline V2.
Refreshing native plugins compatible for Editor in 63.87 ms, found 2 plugins.
Preloading 0 native plugins for Editor in 0.00 ms.
Initialize engine version: 2020.3.10f1 (297d780c91bc)
[Subsystems] Discovering subsystems at path C:/Program Files/2020.3.10f1/Editor/Data/Resources/UnitySubsystems
[Subsystems] Discovering subsystems at path C:/Users/beltr/OneDrive/Documentos/Màster/Project/MSc-Project/Master's project/Assets
GfxDevice: creating device client; threaded=0
Direct3D:
    Version:  Direct3D 11.0 [level 11.1]
    Renderer: AMD Radeon (TM) R5 M330 (ID=0x6660)
    Vendor:   
    VRAM:     2039 MB
    Driver:   27.20.1034.6
Initialize mono
Mono path[0] = 'C:/Program Files/2020.3.10f1/Editor/Data/Managed'
Mono path[1] = 'C:/Program Files/2020.3.10f1/Editor/Data/MonoBleedingEdge/lib/mono/unityjit'
Mono config path = 'C:/Program Files/2020.3.10f1/Editor/Data/MonoBleedingEdge/etc'
Using monoOptions --debugger-agent=transport=dt_socket,embedding=1,server=y,suspend=n,address=127.0.0.1:56448
Begin MonoManager ReloadAssembly
Registering precompiled unity dll's ...
Register platform support module: C:/Program Files/2020.3.10f1/Editor/Data/PlaybackEngines/WindowsStandaloneSupport/UnityEditor.WindowsStandalone.Extensions.dll
Registered in 0.008047 seconds.
Native extension for WindowsStandalone target not found
Refreshing native plugins compatible for Editor in 51.19 ms, found 2 plugins.
Preloading 0 native plugins for Editor in 0.00 ms.
Mono: successfully reloaded assembly
- Completed reload, in 10.336 seconds
Platform modules already initialized, skipping
Registering precompiled user dll's ...
Registered in 0.032204 seconds.
Begin MonoManager ReloadAssembly
Native extension for WindowsStandalone target not found
Refreshing native plugins compatible for Editor in 0.33 ms, found 2 plugins.
Preloading 0 native plugins for Editor in 0.00 ms.
Mono: successfully reloaded assembly
- Completed reload, in  2.078 seconds
Platform modules already initialized, skipping
========================================================================
Worker process is ready to serve import requests
Launched and connected shader compiler UnityShaderCompiler.exe after 0.59 seconds
Refreshing native plugins compatible for Editor in 0.32 ms, found 2 plugins.
Preloading 0 native plugins for Editor in 0.00 ms.
Unloading 1409 Unused Serialized files (Serialized files now loaded: 0)
System memory in use before: 66.1 MB.
System memory in use after: 66.1 MB.

Unloading 19 unused Assets to reduce memory usage. Loaded Objects now: 1843.
Total: 2.217300 ms (FindLiveObjects: 0.181600 ms CreateObjectMapping: 0.061400 ms MarkObjects: 1.880000 ms  DeleteObjects: 0.092900 ms)

========================================================================
Received Import Request.
  path: Assets/scripts/class/Maths.cs
  artifactKey: Guid(464b10d73b2b6d141a3bd0a7c1986e8e) Importer(815301076,1909f56bfc062723c751e8b465ee728b)
Start importing Assets/scripts/class/Maths.cs using Guid(464b10d73b2b6d141a3bd0a7c1986e8e) Importer(815301076,1909f56bfc062723c751e8b465ee728b)  -> (artifact id: 'fb22cdd1b418fb00c0ce97d6d20818d4') in 0.115940 seconds
  Import took 0.120989 seconds .

========================================================================
Received Import Request.
  Time since last request: 13.577417 seconds.
  path: Assets/scripts/class/Maths.cs
  artifactKey: Guid(464b10d73b2b6d141a3bd0a7c1986e8e) Importer(815301076,1909f56bfc062723c751e8b465ee728b)
Start importing Assets/scripts/class/Maths.cs using Guid(464b10d73b2b6d141a3bd0a7c1986e8e) Importer(815301076,1909f56bfc062723c751e8b465ee728b)  -> (artifact id: '2136f31950f061cb4a09499144ec0972') in 0.011641 seconds
  Import took 0.017674 seconds .

========================================================================
Received Import Request.
  Time since last request: 51.238015 seconds.
  path: Assets/scripts/class/Maths.cs
  artifactKey: Guid(464b10d73b2b6d141a3bd0a7c1986e8e) Importer(815301076,1909f56bfc062723c751e8b465ee728b)
Start importing Assets/scripts/class/Maths.cs using Guid(464b10d73b2b6d141a3bd0a7c1986e8e) Importer(815301076,1909f56bfc062723c751e8b465ee728b)  -> (artifact id: 'b0ba9e84f7a9d3ad728cb1c0a15c4d13') in 0.008320 seconds
  Import took 0.014281 seconds .

========================================================================
Received Import Request.
  Time since last request: 12.827610 seconds.
  path: Assets/scripts/class/Maths.cs
  artifactKey: Guid(464b10d73b2b6d141a3bd0a7c1986e8e) Importer(815301076,1909f56bfc062723c751e8b465ee728b)
Start importing Assets/scripts/class/Maths.cs using Guid(464b10d73b2b6d141a3bd0a7c1986e8e) Importer(815301076,1909f56bfc062723c751e8b465ee728b)  -> (artifact id: 'baf50714071e4b780e0a4442dfa02b86') in 0.029174 seconds
  Import took 0.038114 seconds .

========================================================================
Received Import Request.
  Time since last request: 86.090710 seconds.
  path: Assets/scripts/class/Maths.cs
  artifactKey: Guid(464b10d73b2b6d141a3bd0a7c1986e8e) Importer(815301076,1909f56bfc062723c751e8b465ee728b)
Start importing Assets/scripts/class/Maths.cs using Guid(464b10d73b2b6d141a3bd0a7c1986e8e) Importer(815301076,1909f56bfc062723c751e8b465ee728b)  -> (artifact id: 'ba75202f79a224be3c89bcd9b18fdab0') in 0.013504 seconds
  Import took 0.018290 seconds .

========================================================================
Received Import Request.
  Time since last request: 4.204439 seconds.
  path: Assets/scripts/class/Maths.cs
  artifactKey: Guid(464b10d73b2b6d141a3bd0a7c1986e8e) Importer(815301076,1909f56bfc062723c751e8b465ee728b)
Start importing Assets/scripts/class/Maths.cs using Guid(464b10d73b2b6d141a3bd0a7c1986e8e) Importer(815301076,1909f56bfc062723c751e8b465ee728b)  -> (artifact id: '2c4a5880a0945ee15f360309b5d78290') in 0.008621 seconds
  Import took 0.014169 seconds .

========================================================================
Received Import Request.
  Time since last request: 19.406481 seconds.
  path: Assets/scripts/class/Maths.cs
  artifactKey: Guid(464b10d73b2b6d141a3bd0a7c1986e8e) Importer(815301076,1909f56bfc062723c751e8b465ee728b)
Start importing Assets/scripts/class/Maths.cs using Guid(464b10d73b2b6d141a3bd0a7c1986e8e) Importer(815301076,1909f56bfc062723c751e8b465ee728b)  -> (artifact id: 'bc52c90c1d2c4a3cba0d301b583a7184') in 0.009737 seconds
  Import took 0.013320 seconds .

========================================================================
Received Import Request.
  Time since last request: 21.660421 seconds.
  path: Assets/scripts/class/Maths.cs
  artifactKey: Guid(464b10d73b2b6d141a3bd0a7c1986e8e) Importer(815301076,1909f56bfc062723c751e8b465ee728b)
Start importing Assets/scripts/class/Maths.cs using Guid(464b10d73b2b6d141a3bd0a7c1986e8e) Importer(815301076,1909f56bfc062723c751e8b465ee728b)  -> (artifact id: 'd6877c49b5fbda257963558472e36c77') in 0.017012 seconds
  Import took 0.027317 seconds .

========================================================================
Received Import Request.
  Time since last request: 0.007633 seconds.
  path: Assets/scripts/class/Maths.cs
  artifactKey: Guid(464b10d73b2b6d141a3bd0a7c1986e8e) Importer(815301076,1909f56bfc062723c751e8b465ee728b)
Start importing Assets/scripts/class/Maths.cs using Guid(464b10d73b2b6d141a3bd0a7c1986e8e) Importer(815301076,1909f56bfc062723c751e8b465ee728b)  -> (artifact id: 'd6877c49b5fbda257963558472e36c77') in 0.012039 seconds
  Import took 0.019084 seconds .

========================================================================
Received Import Request.
  Time since last request: 7.523034 seconds.
  path: Assets/scripts/class/Maths.cs
  artifactKey: Guid(464b10d73b2b6d141a3bd0a7c1986e8e) Importer(815301076,1909f56bfc062723c751e8b465ee728b)
Start importing Assets/scripts/class/Maths.cs using Guid(464b10d73b2b6d141a3bd0a7c1986e8e) Importer(815301076,1909f56bfc062723c751e8b465ee728b)  -> (artifact id: '29ef8934b74a19d9465361d5db3ff3dd') in 0.018057 seconds
  Import took 0.023218 seconds .

========================================================================
Received Import Request.
  Time since last request: 236.250476 seconds.
  path: Assets/scripts/class/Maths.cs
  artifactKey: Guid(464b10d73b2b6d141a3bd0a7c1986e8e) Importer(815301076,1909f56bfc062723c751e8b465ee728b)
Start importing Assets/scripts/class/Maths.cs using Guid(464b10d73b2b6d141a3bd0a7c1986e8e) Importer(815301076,1909f56bfc062723c751e8b465ee728b)  -> (artifact id: '607bb686fc8430475d8c7b9d9314519f') in 0.006713 seconds
  Import took 0.014382 seconds .

========================================================================
Received Import Request.
  Time since last request: 37.105072 seconds.
  path: Assets/scripts/class/Maths.cs
  artifactKey: Guid(464b10d73b2b6d141a3bd0a7c1986e8e) Importer(815301076,1909f56bfc062723c751e8b465ee728b)
Start importing Assets/scripts/class/Maths.cs using Guid(464b10d73b2b6d141a3bd0a7c1986e8e) Importer(815301076,1909f56bfc062723c751e8b465ee728b)  -> (artifact id: '099f99ead31ac394db3992053b112c02') in 0.008357 seconds
  Import took 0.014087 seconds .

========================================================================
Received Import Request.
  Time since last request: 159.404807 seconds.
  path: Assets/scripts/class/Maths.cs
  artifactKey: Guid(464b10d73b2b6d141a3bd0a7c1986e8e) Importer(815301076,1909f56bfc062723c751e8b465ee728b)
Start importing Assets/scripts/class/Maths.cs using Guid(464b10d73b2b6d141a3bd0a7c1986e8e) Importer(815301076,1909f56bfc062723c751e8b465ee728b)  -> (artifact id: '247cc07c0d51e6906b12a1541d157474') in 0.010091 seconds
  Import took 0.014555 seconds .

========================================================================
Received Import Request.
  Time since last request: 10.497594 seconds.
  path: Assets/scripts/class/Maths.cs
  artifactKey: Guid(464b10d73b2b6d141a3bd0a7c1986e8e) Importer(815301076,1909f56bfc062723c751e8b465ee728b)
Start importing Assets/scripts/class/Maths.cs using Guid(464b10d73b2b6d141a3bd0a7c1986e8e) Importer(815301076,1909f56bfc062723c751e8b465ee728b)  -> (artifact id: '8e7d07b94b864e8278f973e574a6fac1') in 0.008231 seconds
  Import took 0.012958 seconds .

========================================================================
Received Import Request.
  Time since last request: 7.292749 seconds.
  path: Assets/scripts/class/Maths.cs
  artifactKey: Guid(464b10d73b2b6d141a3bd0a7c1986e8e) Importer(815301076,1909f56bfc062723c751e8b465ee728b)
Start importing Assets/scripts/class/Maths.cs using Guid(464b10d73b2b6d141a3bd0a7c1986e8e) Importer(815301076,1909f56bfc062723c751e8b465ee728b)  -> (artifact id: '6e6c4a380b43bf21f356e6c73a3a94a2') in 0.008675 seconds
  Import took 0.012487 seconds .

========================================================================
Received Import Request.
  Time since last request: 14.452880 seconds.
  path: Assets/scripts/class/Maths.cs
  artifactKey: Guid(464b10d73b2b6d141a3bd0a7c1986e8e) Importer(815301076,1909f56bfc062723c751e8b465ee728b)
Start importing Assets/scripts/class/Maths.cs using Guid(464b10d73b2b6d141a3bd0a7c1986e8e) Importer(815301076,1909f56bfc062723c751e8b465ee728b)  -> (artifact id: '21a12e1fcbcd8e654ee262276f116422') in 0.008300 seconds
  Import took 0.012160 seconds .

========================================================================
Received Import Request.
  Time since last request: 12.586909 seconds.
  path: Assets/scripts/class/Maths.cs
  artifactKey: Guid(464b10d73b2b6d141a3bd0a7c1986e8e) Importer(815301076,1909f56bfc062723c751e8b465ee728b)
Start importing Assets/scripts/class/Maths.cs using Guid(464b10d73b2b6d141a3bd0a7c1986e8e) Importer(815301076,1909f56bfc062723c751e8b465ee728b)  -> (artifact id: 'e87ed39d091276cdab78c911d96d1b90') in 0.006497 seconds
  Import took 0.014819 seconds .

========================================================================
Received Import Request.
  Time since last request: 6.822358 seconds.
  path: Assets/scripts/class/Maths.cs
  artifactKey: Guid(464b10d73b2b6d141a3bd0a7c1986e8e) Importer(815301076,1909f56bfc062723c751e8b465ee728b)
Start importing Assets/scripts/class/Maths.cs using Guid(464b10d73b2b6d141a3bd0a7c1986e8e) Importer(815301076,1909f56bfc062723c751e8b465ee728b)  -> (artifact id: '3f7270dd8c11486443d7501ac05f841d') in 0.012798 seconds
  Import took 0.017123 seconds .

========================================================================
Received Import Request.
  Time since last request: 64.717478 seconds.
  path: Assets/scripts/class/Maths.cs
  artifactKey: Guid(464b10d73b2b6d141a3bd0a7c1986e8e) Importer(815301076,1909f56bfc062723c751e8b465ee728b)
Start importing Assets/scripts/class/Maths.cs using Guid(464b10d73b2b6d141a3bd0a7c1986e8e) Importer(815301076,1909f56bfc062723c751e8b465ee728b)  -> (artifact id: '019277e11641bcd8cb203f058807b4d0') in 0.007004 seconds
  Import took 0.011628 seconds .

========================================================================
Received Import Request.
  Time since last request: 16.401759 seconds.
  path: Assets/scripts/class/Maths.cs
  artifactKey: Guid(464b10d73b2b6d141a3bd0a7c1986e8e) Importer(815301076,1909f56bfc062723c751e8b465ee728b)
Start importing Assets/scripts/class/Maths.cs using Guid(464b10d73b2b6d141a3bd0a7c1986e8e) Importer(815301076,1909f56bfc062723c751e8b465ee728b)  -> (artifact id: '797a45e84deb645a506840821a8077df') in 0.011679 seconds
  Import took 0.017507 seconds .

========================================================================
Received Import Request.
  Time since last request: 15.669842 seconds.
  path: Assets/scripts/class/Maths.cs
  artifactKey: Guid(464b10d73b2b6d141a3bd0a7c1986e8e) Importer(815301076,1909f56bfc062723c751e8b465ee728b)
Start importing Assets/scripts/class/Maths.cs using Guid(464b10d73b2b6d141a3bd0a7c1986e8e) Importer(815301076,1909f56bfc062723c751e8b465ee728b)  -> (artifact id: 'ae527e32fa451615b996993121cf8867') in 0.009486 seconds
  Import took 0.014699 seconds .

========================================================================
Received Import Request.
  Time since last request: 0.001949 seconds.
  path: Assets/scripts/class/Maths.cs
  artifactKey: Guid(464b10d73b2b6d141a3bd0a7c1986e8e) Importer(815301076,1909f56bfc062723c751e8b465ee728b)
Start importing Assets/scripts/class/Maths.cs using Guid(464b10d73b2b6d141a3bd0a7c1986e8e) Importer(815301076,1909f56bfc062723c751e8b465ee728b)  -> (artifact id: 'ae527e32fa451615b996993121cf8867') in 0.007529 seconds
  Import took 0.012344 seconds .

========================================================================
Received Import Request.
  Time since last request: 142.740547 seconds.
  path: Assets/scripts/class/Maths.cs
  artifactKey: Guid(464b10d73b2b6d141a3bd0a7c1986e8e) Importer(815301076,1909f56bfc062723c751e8b465ee728b)
Start importing Assets/scripts/class/Maths.cs using Guid(464b10d73b2b6d141a3bd0a7c1986e8e) Importer(815301076,1909f56bfc062723c751e8b465ee728b)  -> (artifact id: '86809903be8c53b4a8f655ab800f0d09') in 0.013087 seconds
  Import took 0.019118 seconds .

========================================================================
Received Import Request.
  Time since last request: 14.544056 seconds.
  path: Assets/scripts/class/Maths.cs
  artifactKey: Guid(464b10d73b2b6d141a3bd0a7c1986e8e) Importer(815301076,1909f56bfc062723c751e8b465ee728b)
Start importing Assets/scripts/class/Maths.cs using Guid(464b10d73b2b6d141a3bd0a7c1986e8e) Importer(815301076,1909f56bfc062723c751e8b465ee728b)  -> (artifact id: 'e3cb2085ccea25d3bc7a22a3afaea79a') in 0.012066 seconds
  Import took 0.018562 seconds .

========================================================================
Received Import Request.
  Time since last request: 0.004852 seconds.
  path: Assets/scripts/class/Maths.cs
  artifactKey: Guid(464b10d73b2b6d141a3bd0a7c1986e8e) Importer(815301076,1909f56bfc062723c751e8b465ee728b)
Start importing Assets/scripts/class/Maths.cs using Guid(464b10d73b2b6d141a3bd0a7c1986e8e) Importer(815301076,1909f56bfc062723c751e8b465ee728b)  -> (artifact id: 'e3cb2085ccea25d3bc7a22a3afaea79a') in 0.011659 seconds
  Import took 0.016405 seconds .

========================================================================
Received Import Request.
  Time since last request: 4.333798 seconds.
  path: Assets/scripts/class/Maths.cs
  artifactKey: Guid(464b10d73b2b6d141a3bd0a7c1986e8e) Importer(815301076,1909f56bfc062723c751e8b465ee728b)
Start importing Assets/scripts/class/Maths.cs using Guid(464b10d73b2b6d141a3bd0a7c1986e8e) Importer(815301076,1909f56bfc062723c751e8b465ee728b)  -> (artifact id: '8baf067c3614630a94d5d8079b831c06') in 0.009147 seconds
  Import took 0.014410 seconds .

========================================================================
Received Import Request.
  Time since last request: 523.627546 seconds.
  path: Assets/scripts/class/Maths.cs
  artifactKey: Guid(464b10d73b2b6d141a3bd0a7c1986e8e) Importer(815301076,1909f56bfc062723c751e8b465ee728b)
Start importing Assets/scripts/class/Maths.cs using Guid(464b10d73b2b6d141a3bd0a7c1986e8e) Importer(815301076,1909f56bfc062723c751e8b465ee728b)  -> (artifact id: '17bce02e9b0db2638e2a59922030fe4e') in 0.010062 seconds
  Import took 0.015538 seconds .

========================================================================
Received Import Request.
  Time since last request: 7.815257 seconds.
  path: Assets/scripts/class/Maths.cs
  artifactKey: Guid(464b10d73b2b6d141a3bd0a7c1986e8e) Importer(815301076,1909f56bfc062723c751e8b465ee728b)
Start importing Assets/scripts/class/Maths.cs using Guid(464b10d73b2b6d141a3bd0a7c1986e8e) Importer(815301076,1909f56bfc062723c751e8b465ee728b)  -> (artifact id: 'a3908fcdda04e8ef1a9bd20478934d36') in 0.011782 seconds
  Import took 0.016902 seconds .

========================================================================
Received Import Request.
  Time since last request: 12.412959 seconds.
  path: Assets/scripts/class/Maths.cs
  artifactKey: Guid(464b10d73b2b6d141a3bd0a7c1986e8e) Importer(815301076,1909f56bfc062723c751e8b465ee728b)
Start importing Assets/scripts/class/Maths.cs using Guid(464b10d73b2b6d141a3bd0a7c1986e8e) Importer(815301076,1909f56bfc062723c751e8b465ee728b)  -> (artifact id: '08b48bc6fea2f370150b0149453ec455') in 0.007494 seconds
  Import took 0.013047 seconds .

========================================================================
Received Import Request.
  Time since last request: 5.403811 seconds.
  path: Assets/scripts/class/Maths.cs
  artifactKey: Guid(464b10d73b2b6d141a3bd0a7c1986e8e) Importer(815301076,1909f56bfc062723c751e8b465ee728b)
Start importing Assets/scripts/class/Maths.cs using Guid(464b10d73b2b6d141a3bd0a7c1986e8e) Importer(815301076,1909f56bfc062723c751e8b465ee728b)  -> (artifact id: 'f8a2a5a2ad92b633f5e8164a511aeb16') in 0.011353 seconds
  Import took 0.017532 seconds .

========================================================================
Received Import Request.
  Time since last request: 79.830493 seconds.
  path: Assets/scripts/class/Maths.cs
  artifactKey: Guid(464b10d73b2b6d141a3bd0a7c1986e8e) Importer(815301076,1909f56bfc062723c751e8b465ee728b)
Start importing Assets/scripts/class/Maths.cs using Guid(464b10d73b2b6d141a3bd0a7c1986e8e) Importer(815301076,1909f56bfc062723c751e8b465ee728b)  -> (artifact id: '27c37ab70d90687bfedbaea9d95c50be') in 0.014374 seconds
  Import took 0.021771 seconds .

========================================================================
Received Prepare
Registering precompiled user dll's ...
Registered in 0.015617 seconds.
Begin MonoManager ReloadAssembly
Native extension for WindowsStandalone target not found
Refreshing native plugins compatible for Editor in 0.43 ms, found 2 plugins.
Preloading 0 native plugins for Editor in 0.00 ms.
Mono: successfully reloaded assembly
- Completed reload, in  1.465 seconds
Platform modules already initialized, skipping
Refreshing native plugins compatible for Editor in 0.47 ms, found 2 plugins.
Preloading 0 native plugins for Editor in 0.00 ms.
Unloading 1403 Unused Serialized files (Serialized files now loaded: 0)
System memory in use before: 65.9 MB.
System memory in use after: 66.0 MB.

Unloading 14 unused Assets to reduce memory usage. Loaded Objects now: 1846.
Total: 3.652600 ms (FindLiveObjects: 0.332500 ms CreateObjectMapping: 0.068900 ms MarkObjects: 3.157100 ms  DeleteObjects: 0.092600 ms)

========================================================================
Received Prepare
Registering precompiled user dll's ...
Registered in 0.015468 seconds.
Begin MonoManager ReloadAssembly
Native extension for WindowsStandalone target not found
Refreshing native plugins compatible for Editor in 0.76 ms, found 2 plugins.
Preloading 0 native plugins for Editor in 0.00 ms.
Mono: successfully reloaded assembly
- Completed reload, in  2.395 seconds
Platform modules already initialized, skipping
Refreshing native plugins compatible for Editor in 0.62 ms, found 2 plugins.
Preloading 0 native plugins for Editor in 0.00 ms.
Unloading 1403 Unused Serialized files (Serialized files now loaded: 0)
System memory in use before: 65.9 MB.
System memory in use after: 66.0 MB.

Unloading 14 unused Assets to reduce memory usage. Loaded Objects now: 1849.
Total: 3.954800 ms (FindLiveObjects: 0.281000 ms CreateObjectMapping: 0.088500 ms MarkObjects: 3.500000 ms  DeleteObjects: 0.083600 ms)

========================================================================
Received Prepare
Registering precompiled user dll's ...
Registered in 0.021259 seconds.
Begin MonoManager ReloadAssembly
Native extension for WindowsStandalone target not found
Refreshing native plugins compatible for Editor in 0.36 ms, found 2 plugins.
Preloading 0 native plugins for Editor in 0.00 ms.
Mono: successfully reloaded assembly
- Completed reload, in  1.765 seconds
Platform modules already initialized, skipping
Refreshing native plugins compatible for Editor in 0.36 ms, found 2 plugins.
Preloading 0 native plugins for Editor in 0.00 ms.
Unloading 1403 Unused Serialized files (Serialized files now loaded: 0)
System memory in use before: 66.0 MB.
System memory in use after: 66.0 MB.

Unloading 14 unused Assets to reduce memory usage. Loaded Objects now: 1852.
Total: 2.423300 ms (FindLiveObjects: 0.155000 ms CreateObjectMapping: 0.048700 ms MarkObjects: 2.130400 ms  DeleteObjects: 0.074400 ms)

========================================================================
Received Prepare
Registering precompiled user dll's ...
Registered in 0.009369 seconds.
Begin MonoManager ReloadAssembly
Native extension for WindowsStandalone target not found
Refreshing native plugins compatible for Editor in 0.37 ms, found 2 plugins.
Preloading 0 native plugins for Editor in 0.00 ms.
Mono: successfully reloaded assembly
- Completed reload, in  1.605 seconds
Platform modules already initialized, skipping
Refreshing native plugins compatible for Editor in 0.42 ms, found 2 plugins.
Preloading 0 native plugins for Editor in 0.00 ms.
Unloading 1403 Unused Serialized files (Serialized files now loaded: 0)
System memory in use before: 66.0 MB.
System memory in use after: 66.1 MB.

Unloading 14 unused Assets to reduce memory usage. Loaded Objects now: 1855.
Total: 2.699200 ms (FindLiveObjects: 0.191800 ms CreateObjectMapping: 0.049000 ms MarkObjects: 2.382300 ms  DeleteObjects: 0.074600 ms)

========================================================================
Received Prepare
Registering precompiled user dll's ...
Registered in 0.016230 seconds.
Begin MonoManager ReloadAssembly
Native extension for WindowsStandalone target not found
Refreshing native plugins compatible for Editor in 0.73 ms, found 2 plugins.
Preloading 0 native plugins for Editor in 0.00 ms.
Mono: successfully reloaded assembly
- Completed reload, in  1.672 seconds
Platform modules already initialized, skipping
Refreshing native plugins compatible for Editor in 0.32 ms, found 2 plugins.
Preloading 0 native plugins for Editor in 0.00 ms.
Unloading 1403 Unused Serialized files (Serialized files now loaded: 0)
System memory in use before: 66.0 MB.
System memory in use after: 66.1 MB.

Unloading 14 unused Assets to reduce memory usage. Loaded Objects now: 1858.
Total: 2.580300 ms (FindLiveObjects: 0.248300 ms CreateObjectMapping: 0.063600 ms MarkObjects: 2.119200 ms  DeleteObjects: 0.147900 ms)

========================================================================
Received Prepare
Registering precompiled user dll's ...
Registered in 0.023254 seconds.
Begin MonoManager ReloadAssembly
Native extension for WindowsStandalone target not found
Refreshing native plugins compatible for Editor in 0.67 ms, found 2 plugins.
Preloading 0 native plugins for Editor in 0.00 ms.
Mono: successfully reloaded assembly
- Completed reload, in  1.557 seconds
Platform modules already initialized, skipping
Refreshing native plugins compatible for Editor in 0.36 ms, found 2 plugins.
Preloading 0 native plugins for Editor in 0.00 ms.
Unloading 1403 Unused Serialized files (Serialized files now loaded: 0)
System memory in use before: 66.0 MB.
System memory in use after: 66.1 MB.

Unloading 14 unused Assets to reduce memory usage. Loaded Objects now: 1861.
Total: 2.880700 ms (FindLiveObjects: 0.285300 ms CreateObjectMapping: 0.057800 ms MarkObjects: 2.444000 ms  DeleteObjects: 0.092300 ms)

========================================================================
Received Prepare
Registering precompiled user dll's ...
Registered in 0.012332 seconds.
Begin MonoManager ReloadAssembly
Native extension for WindowsStandalone target not found
Refreshing native plugins compatible for Editor in 0.40 ms, found 2 plugins.
Preloading 0 native plugins for Editor in 0.00 ms.
Mono: successfully reloaded assembly
- Completed reload, in  1.443 seconds
Platform modules already initialized, skipping
Refreshing native plugins compatible for Editor in 0.33 ms, found 2 plugins.
Preloading 0 native plugins for Editor in 0.00 ms.
Unloading 1403 Unused Serialized files (Serialized files now loaded: 0)
System memory in use before: 66.0 MB.
System memory in use after: 66.1 MB.

Unloading 14 unused Assets to reduce memory usage. Loaded Objects now: 1864.
Total: 3.514400 ms (FindLiveObjects: 0.188300 ms CreateObjectMapping: 0.059200 ms MarkObjects: 3.199400 ms  DeleteObjects: 0.065300 ms)

========================================================================
Received Prepare
Registering precompiled user dll's ...
Registered in 0.023037 seconds.
Begin MonoManager ReloadAssembly
Native extension for WindowsStandalone target not found
Refreshing native plugins compatible for Editor in 0.45 ms, found 2 plugins.
Preloading 0 native plugins for Editor in 0.00 ms.
Mono: successfully reloaded assembly
- Completed reload, in  1.626 seconds
Platform modules already initialized, skipping
Refreshing native plugins compatible for Editor in 0.36 ms, found 2 plugins.
Preloading 0 native plugins for Editor in 0.00 ms.
Unloading 1403 Unused Serialized files (Serialized files now loaded: 0)
System memory in use before: 66.0 MB.
System memory in use after: 66.1 MB.

Unloading 14 unused Assets to reduce memory usage. Loaded Objects now: 1867.
Total: 2.565300 ms (FindLiveObjects: 0.170700 ms CreateObjectMapping: 0.046200 ms MarkObjects: 2.257300 ms  DeleteObjects: 0.090000 ms)

========================================================================
Received Prepare
Registering precompiled user dll's ...
Registered in 0.013740 seconds.
Begin MonoManager ReloadAssembly
Native extension for WindowsStandalone target not found
Refreshing native plugins compatible for Editor in 1.07 ms, found 2 plugins.
Preloading 0 native plugins for Editor in 0.00 ms.
Mono: successfully reloaded assembly
- Completed reload, in  1.743 seconds
Platform modules already initialized, skipping
Refreshing native plugins compatible for Editor in 0.57 ms, found 2 plugins.
Preloading 0 native plugins for Editor in 0.00 ms.
Unloading 1403 Unused Serialized files (Serialized files now loaded: 0)
System memory in use before: 66.0 MB.
System memory in use after: 66.1 MB.

Unloading 14 unused Assets to reduce memory usage. Loaded Objects now: 1870.
Total: 4.694600 ms (FindLiveObjects: 0.305000 ms CreateObjectMapping: 0.110400 ms MarkObjects: 4.169800 ms  DeleteObjects: 0.105900 ms)

========================================================================
Received Prepare
Registering precompiled user dll's ...
Registered in 0.014540 seconds.
Begin MonoManager ReloadAssembly
Native extension for WindowsStandalone target not found
Refreshing native plugins compatible for Editor in 0.33 ms, found 2 plugins.
Preloading 0 native plugins for Editor in 0.00 ms.
Mono: successfully reloaded assembly
- Completed reload, in  1.489 seconds
Platform modules already initialized, skipping
Refreshing native plugins compatible for Editor in 0.38 ms, found 2 plugins.
Preloading 0 native plugins for Editor in 0.00 ms.
Unloading 1403 Unused Serialized files (Serialized files now loaded: 0)
System memory in use before: 66.0 MB.
System memory in use after: 66.1 MB.

Unloading 14 unused Assets to reduce memory usage. Loaded Objects now: 1873.
Total: 3.157600 ms (FindLiveObjects: 0.171900 ms CreateObjectMapping: 0.047100 ms MarkObjects: 2.860000 ms  DeleteObjects: 0.077300 ms)

========================================================================
Received Prepare
Registering precompiled user dll's ...
Registered in 0.013934 seconds.
Begin MonoManager ReloadAssembly
Native extension for WindowsStandalone target not found
Refreshing native plugins compatible for Editor in 0.36 ms, found 2 plugins.
Preloading 0 native plugins for Editor in 0.00 ms.
Mono: successfully reloaded assembly
- Completed reload, in  1.287 seconds
Platform modules already initialized, skipping
Refreshing native plugins compatible for Editor in 0.32 ms, found 2 plugins.
Preloading 0 native plugins for Editor in 0.00 ms.
Unloading 1403 Unused Serialized files (Serialized files now loaded: 0)
System memory in use before: 66.0 MB.
System memory in use after: 66.1 MB.

Unloading 14 unused Assets to reduce memory usage. Loaded Objects now: 1876.
Total: 2.218100 ms (FindLiveObjects: 0.162000 ms CreateObjectMapping: 0.051000 ms MarkObjects: 1.942400 ms  DeleteObjects: 0.061700 ms)

========================================================================
Received Prepare
Registering precompiled user dll's ...
Registered in 0.010987 seconds.
Begin MonoManager ReloadAssembly
Native extension for WindowsStandalone target not found
Refreshing native plugins compatible for Editor in 0.33 ms, found 2 plugins.
Preloading 0 native plugins for Editor in 0.00 ms.
Mono: successfully reloaded assembly
- Completed reload, in  1.590 seconds
Platform modules already initialized, skipping
Refreshing native plugins compatible for Editor in 0.40 ms, found 2 plugins.
Preloading 0 native plugins for Editor in 0.00 ms.
Unloading 1403 Unused Serialized files (Serialized files now loaded: 0)
System memory in use before: 66.0 MB.
System memory in use after: 66.1 MB.

Unloading 14 unused Assets to reduce memory usage. Loaded Objects now: 1879.
Total: 3.148400 ms (FindLiveObjects: 0.262900 ms CreateObjectMapping: 0.083500 ms MarkObjects: 2.680700 ms  DeleteObjects: 0.119700 ms)

========================================================================
Received Prepare
Registering precompiled user dll's ...
Registered in 0.013182 seconds.
Begin MonoManager ReloadAssembly
Native extension for WindowsStandalone target not found
Refreshing native plugins compatible for Editor in 0.39 ms, found 2 plugins.
Preloading 0 native plugins for Editor in 0.00 ms.
Mono: successfully reloaded assembly
- Completed reload, in  1.611 seconds
Platform modules already initialized, skipping
Refreshing native plugins compatible for Editor in 0.36 ms, found 2 plugins.
Preloading 0 native plugins for Editor in 0.00 ms.
Unloading 1403 Unused Serialized files (Serialized files now loaded: 0)
System memory in use before: 66.0 MB.
System memory in use after: 66.1 MB.

Unloading 14 unused Assets to reduce memory usage. Loaded Objects now: 1882.
Total: 3.300300 ms (FindLiveObjects: 0.332500 ms CreateObjectMapping: 0.075900 ms MarkObjects: 2.807000 ms  DeleteObjects: 0.083000 ms)

========================================================================
Received Prepare
Registering precompiled user dll's ...
Registered in 0.014276 seconds.
Begin MonoManager ReloadAssembly
Native extension for WindowsStandalone target not found
Refreshing native plugins compatible for Editor in 0.48 ms, found 2 plugins.
Preloading 0 native plugins for Editor in 0.00 ms.
Mono: successfully reloaded assembly
- Completed reload, in  2.359 seconds
Platform modules already initialized, skipping
Refreshing native plugins compatible for Editor in 0.45 ms, found 2 plugins.
Preloading 0 native plugins for Editor in 0.00 ms.
Unloading 1403 Unused Serialized files (Serialized files now loaded: 0)
System memory in use before: 66.0 MB.
System memory in use after: 66.1 MB.

Unloading 14 unused Assets to reduce memory usage. Loaded Objects now: 1885.
Total: 2.265300 ms (FindLiveObjects: 0.188100 ms CreateObjectMapping: 0.056500 ms MarkObjects: 1.957000 ms  DeleteObjects: 0.062400 ms)

========================================================================
Received Prepare
Registering precompiled user dll's ...
Registered in 0.032109 seconds.
Begin MonoManager ReloadAssembly
Native extension for WindowsStandalone target not found
Refreshing native plugins compatible for Editor in 0.39 ms, found 2 plugins.
Preloading 0 native plugins for Editor in 0.00 ms.
Mono: successfully reloaded assembly
- Completed reload, in  1.538 seconds
Platform modules already initialized, skipping
Refreshing native plugins compatible for Editor in 0.36 ms, found 2 plugins.
Preloading 0 native plugins for Editor in 0.00 ms.
Unloading 1403 Unused Serialized files (Serialized files now loaded: 0)
System memory in use before: 66.0 MB.
System memory in use after: 66.1 MB.

Unloading 14 unused Assets to reduce memory usage. Loaded Objects now: 1888.
Total: 2.222300 ms (FindLiveObjects: 0.180100 ms CreateObjectMapping: 0.053200 ms MarkObjects: 1.924900 ms  DeleteObjects: 0.063000 ms)

========================================================================
Received Prepare
Registering precompiled user dll's ...
Registered in 0.011261 seconds.
Begin MonoManager ReloadAssembly
Native extension for WindowsStandalone target not found
Refreshing native plugins compatible for Editor in 0.33 ms, found 2 plugins.
Preloading 0 native plugins for Editor in 0.00 ms.
Mono: successfully reloaded assembly
- Completed reload, in  1.418 seconds
Platform modules already initialized, skipping
Refreshing native plugins compatible for Editor in 0.36 ms, found 2 plugins.
Preloading 0 native plugins for Editor in 0.00 ms.
Unloading 1403 Unused Serialized files (Serialized files now loaded: 0)
System memory in use before: 66.0 MB.
System memory in use after: 66.1 MB.

Unloading 14 unused Assets to reduce memory usage. Loaded Objects now: 1891.
Total: 2.744300 ms (FindLiveObjects: 0.176700 ms CreateObjectMapping: 0.047300 ms MarkObjects: 2.419400 ms  DeleteObjects: 0.099800 ms)

========================================================================
Received Prepare
Registering precompiled user dll's ...
Registered in 0.011317 seconds.
Begin MonoManager ReloadAssembly
Native extension for WindowsStandalone target not found
Refreshing native plugins compatible for Editor in 0.33 ms, found 2 plugins.
Preloading 0 native plugins for Editor in 0.00 ms.
Mono: successfully reloaded assembly
- Completed reload, in  1.888 seconds
Platform modules already initialized, skipping
Refreshing native plugins compatible for Editor in 1.45 ms, found 2 plugins.
Preloading 0 native plugins for Editor in 0.01 ms.
Unloading 1403 Unused Serialized files (Serialized files now loaded: 0)
System memory in use before: 66.0 MB.
System memory in use after: 66.1 MB.

Unloading 14 unused Assets to reduce memory usage. Loaded Objects now: 1894.
Total: 5.081800 ms (FindLiveObjects: 0.291300 ms CreateObjectMapping: 0.062800 ms MarkObjects: 4.614300 ms  DeleteObjects: 0.111600 ms)

========================================================================
Received Prepare
Registering precompiled user dll's ...
Registered in 0.014155 seconds.
Begin MonoManager ReloadAssembly
Native extension for WindowsStandalone target not found
Refreshing native plugins compatible for Editor in 0.33 ms, found 2 plugins.
Preloading 0 native plugins for Editor in 0.00 ms.
Mono: successfully reloaded assembly
- Completed reload, in  1.513 seconds
Platform modules already initialized, skipping
Refreshing native plugins compatible for Editor in 0.32 ms, found 2 plugins.
Preloading 0 native plugins for Editor in 0.00 ms.
Unloading 1403 Unused Serialized files (Serialized files now loaded: 0)
System memory in use before: 66.1 MB.
System memory in use after: 66.1 MB.

Unloading 14 unused Assets to reduce memory usage. Loaded Objects now: 1897.
Total: 2.559800 ms (FindLiveObjects: 0.177900 ms CreateObjectMapping: 0.049100 ms MarkObjects: 2.253300 ms  DeleteObjects: 0.078400 ms)

========================================================================
Received Prepare
Registering precompiled user dll's ...
Registered in 0.013728 seconds.
Begin MonoManager ReloadAssembly
Native extension for WindowsStandalone target not found
Refreshing native plugins compatible for Editor in 0.48 ms, found 2 plugins.
Preloading 0 native plugins for Editor in 0.00 ms.
Mono: successfully reloaded assembly
- Completed reload, in  2.524 seconds
Platform modules already initialized, skipping
Refreshing native plugins compatible for Editor in 0.60 ms, found 2 plugins.
Preloading 0 native plugins for Editor in 0.00 ms.
Unloading 1403 Unused Serialized files (Serialized files now loaded: 0)
System memory in use before: 66.1 MB.
System memory in use after: 66.1 MB.

Unloading 14 unused Assets to reduce memory usage. Loaded Objects now: 1900.
Total: 3.374800 ms (FindLiveObjects: 0.245200 ms CreateObjectMapping: 0.080500 ms MarkObjects: 2.961800 ms  DeleteObjects: 0.085700 ms)

========================================================================
Received Prepare
Registering precompiled user dll's ...
Registered in 0.043976 seconds.
Begin MonoManager ReloadAssembly
Native extension for WindowsStandalone target not found
Refreshing native plugins compatible for Editor in 0.36 ms, found 2 plugins.
Preloading 0 native plugins for Editor in 0.00 ms.
Mono: successfully reloaded assembly
- Completed reload, in  1.422 seconds
Platform modules already initialized, skipping
Refreshing native plugins compatible for Editor in 0.37 ms, found 2 plugins.
Preloading 0 native plugins for Editor in 0.00 ms.
Unloading 1403 Unused Serialized files (Serialized files now loaded: 0)
System memory in use before: 66.1 MB.
System memory in use after: 66.1 MB.

Unloading 14 unused Assets to reduce memory usage. Loaded Objects now: 1903.
Total: 2.599600 ms (FindLiveObjects: 0.189900 ms CreateObjectMapping: 0.054500 ms MarkObjects: 2.283200 ms  DeleteObjects: 0.071100 ms)

========================================================================
Received Prepare
Registering precompiled user dll's ...
Registered in 0.017581 seconds.
Begin MonoManager ReloadAssembly
Native extension for WindowsStandalone target not found
Refreshing native plugins compatible for Editor in 0.57 ms, found 2 plugins.
Preloading 0 native plugins for Editor in 0.00 ms.
Mono: successfully reloaded assembly
- Completed reload, in  2.181 seconds
Platform modules already initialized, skipping
Refreshing native plugins compatible for Editor in 1.37 ms, found 2 plugins.
Preloading 0 native plugins for Editor in 0.00 ms.
Unloading 1403 Unused Serialized files (Serialized files now loaded: 0)
System memory in use before: 66.1 MB.
System memory in use after: 66.1 MB.

Unloading 14 unused Assets to reduce memory usage. Loaded Objects now: 1906.
Total: 2.662000 ms (FindLiveObjects: 0.183100 ms CreateObjectMapping: 0.054500 ms MarkObjects: 2.346000 ms  DeleteObjects: 0.077300 ms)

========================================================================
Received Prepare
Registering precompiled user dll's ...
Registered in 0.020699 seconds.
Begin MonoManager ReloadAssembly
Native extension for WindowsStandalone target not found
Refreshing native plugins compatible for Editor in 0.70 ms, found 2 plugins.
Preloading 0 native plugins for Editor in 0.00 ms.
Mono: successfully reloaded assembly
- Completed reload, in  6.599 seconds
Platform modules already initialized, skipping
Refreshing native plugins compatible for Editor in 0.68 ms, found 2 plugins.
Preloading 0 native plugins for Editor in 0.00 ms.
Unloading 1403 Unused Serialized files (Serialized files now loaded: 0)
System memory in use before: 66.1 MB.
System memory in use after: 66.2 MB.

Unloading 14 unused Assets to reduce memory usage. Loaded Objects now: 1909.
Total: 5.793800 ms (FindLiveObjects: 0.530300 ms CreateObjectMapping: 0.184600 ms MarkObjects: 4.938900 ms  DeleteObjects: 0.119300 ms)

========================================================================
Received Prepare
Registering precompiled user dll's ...
Registered in 0.137338 seconds.
Begin MonoManager ReloadAssembly
Native extension for WindowsStandalone target not found
Refreshing native plugins compatible for Editor in 1.62 ms, found 2 plugins.
Preloading 0 native plugins for Editor in 0.00 ms.
Mono: successfully reloaded assembly
- Completed reload, in 14.257 seconds
Platform modules already initialized, skipping
Refreshing native plugins compatible for Editor in 0.76 ms, found 2 plugins.
Preloading 0 native plugins for Editor in 0.00 ms.
Unloading 1403 Unused Serialized files (Serialized files now loaded: 0)
System memory in use before: 66.1 MB.
System memory in use after: 66.2 MB.

Unloading 14 unused Assets to reduce memory usage. Loaded Objects now: 1912.
Total: 5.627300 ms (FindLiveObjects: 0.391900 ms CreateObjectMapping: 0.172700 ms MarkObjects: 4.919600 ms  DeleteObjects: 0.141400 ms)

========================================================================
Received Prepare
Registering precompiled user dll's ...
Registered in 0.057795 seconds.
Begin MonoManager ReloadAssembly
Native extension for WindowsStandalone target not found
Refreshing native plugins compatible for Editor in 0.38 ms, found 2 plugins.
Preloading 0 native plugins for Editor in 0.00 ms.
Mono: successfully reloaded assembly
- Completed reload, in  2.649 seconds
Platform modules already initialized, skipping
Refreshing native plugins compatible for Editor in 0.39 ms, found 2 plugins.
Preloading 0 native plugins for Editor in 0.00 ms.
Unloading 1403 Unused Serialized files (Serialized files now loaded: 0)
System memory in use before: 66.1 MB.
System memory in use after: 66.2 MB.

Unloading 14 unused Assets to reduce memory usage. Loaded Objects now: 1915.
Total: 2.887700 ms (FindLiveObjects: 0.269500 ms CreateObjectMapping: 0.070800 ms MarkObjects: 2.431400 ms  DeleteObjects: 0.114700 ms)

========================================================================
Received Prepare
Registering precompiled user dll's ...
Registered in 0.023740 seconds.
Begin MonoManager ReloadAssembly
Native extension for WindowsStandalone target not found
Refreshing native plugins compatible for Editor in 0.66 ms, found 2 plugins.
Preloading 0 native plugins for Editor in 0.00 ms.
Mono: successfully reloaded assembly
- Completed reload, in  2.495 seconds
Platform modules already initialized, skipping
Refreshing native plugins compatible for Editor in 0.60 ms, found 2 plugins.
Preloading 0 native plugins for Editor in 0.00 ms.
Unloading 1403 Unused Serialized files (Serialized files now loaded: 0)
System memory in use before: 66.1 MB.
System memory in use after: 66.2 MB.

Unloading 14 unused Assets to reduce memory usage. Loaded Objects now: 1918.
Total: 4.181600 ms (FindLiveObjects: 0.735500 ms CreateObjectMapping: 0.112300 ms MarkObjects: 3.204500 ms  DeleteObjects: 0.125100 ms)

========================================================================
Received Prepare
Registering precompiled user dll's ...
Registered in 0.016776 seconds.
Begin MonoManager ReloadAssembly
Native extension for WindowsStandalone target not found
Refreshing native plugins compatible for Editor in 0.65 ms, found 2 plugins.
Preloading 0 native plugins for Editor in 0.00 ms.
Mono: successfully reloaded assembly
- Completed reload, in  2.417 seconds
Platform modules already initialized, skipping
Refreshing native plugins compatible for Editor in 0.46 ms, found 2 plugins.
Preloading 0 native plugins for Editor in 0.00 ms.
Unloading 1403 Unused Serialized files (Serialized files now loaded: 0)
System memory in use before: 66.1 MB.
System memory in use after: 66.2 MB.

Unloading 14 unused Assets to reduce memory usage. Loaded Objects now: 1921.
Total: 3.296400 ms (FindLiveObjects: 0.258800 ms CreateObjectMapping: 0.112500 ms MarkObjects: 2.847600 ms  DeleteObjects: 0.076000 ms)

========================================================================
Received Prepare
Registering precompiled user dll's ...
Registered in 0.009366 seconds.
Begin MonoManager ReloadAssembly
Native extension for WindowsStandalone target not found
Refreshing native plugins compatible for Editor in 0.38 ms, found 2 plugins.
Preloading 0 native plugins for Editor in 0.00 ms.
Mono: successfully reloaded assembly
- Completed reload, in  1.350 seconds
Platform modules already initialized, skipping
Refreshing native plugins compatible for Editor in 0.32 ms, found 2 plugins.
Preloading 0 native plugins for Editor in 0.00 ms.
Unloading 1403 Unused Serialized files (Serialized files now loaded: 0)
System memory in use before: 66.1 MB.
System memory in use after: 66.2 MB.

Unloading 14 unused Assets to reduce memory usage. Loaded Objects now: 1924.
Total: 2.876900 ms (FindLiveObjects: 0.183700 ms CreateObjectMapping: 0.048700 ms MarkObjects: 2.558400 ms  DeleteObjects: 0.085000 ms)

========================================================================
Received Prepare
Registering precompiled user dll's ...
Registered in 0.011022 seconds.
Begin MonoManager ReloadAssembly
Native extension for WindowsStandalone target not found
Refreshing native plugins compatible for Editor in 0.33 ms, found 2 plugins.
Preloading 0 native plugins for Editor in 0.00 ms.
Mono: successfully reloaded assembly
- Completed reload, in  1.446 seconds
Platform modules already initialized, skipping
Refreshing native plugins compatible for Editor in 0.32 ms, found 2 plugins.
Preloading 0 native plugins for Editor in 0.00 ms.
Unloading 1403 Unused Serialized files (Serialized files now loaded: 0)
System memory in use before: 66.1 MB.
System memory in use after: 66.2 MB.

Unloading 14 unused Assets to reduce memory usage. Loaded Objects now: 1927.
Total: 2.668900 ms (FindLiveObjects: 0.235400 ms CreateObjectMapping: 0.049000 ms MarkObjects: 2.311100 ms  DeleteObjects: 0.072400 ms)

========================================================================
Received Prepare
Registering precompiled user dll's ...
Registered in 0.011522 seconds.
Begin MonoManager ReloadAssembly
Native extension for WindowsStandalone target not found
Refreshing native plugins compatible for Editor in 0.34 ms, found 2 plugins.
Preloading 0 native plugins for Editor in 0.00 ms.
Mono: successfully reloaded assembly
- Completed reload, in  1.517 seconds
Platform modules already initialized, skipping
Refreshing native plugins compatible for Editor in 0.36 ms, found 2 plugins.
Preloading 0 native plugins for Editor in 0.00 ms.
Unloading 1403 Unused Serialized files (Serialized files now loaded: 0)
System memory in use before: 66.1 MB.
System memory in use after: 66.2 MB.

Unloading 14 unused Assets to reduce memory usage. Loaded Objects now: 1930.
Total: 2.747300 ms (FindLiveObjects: 0.195900 ms CreateObjectMapping: 0.047100 ms MarkObjects: 2.432900 ms  DeleteObjects: 0.070400 ms)

========================================================================
Received Prepare
Registering precompiled user dll's ...
Registered in 0.024364 seconds.
Begin MonoManager ReloadAssembly
Native extension for WindowsStandalone target not found
Refreshing native plugins compatible for Editor in 0.33 ms, found 2 plugins.
Preloading 0 native plugins for Editor in 0.00 ms.
Mono: successfully reloaded assembly
- Completed reload, in  1.479 seconds
Platform modules already initialized, skipping
Refreshing native plugins compatible for Editor in 0.52 ms, found 2 plugins.
Preloading 0 native plugins for Editor in 0.00 ms.
Unloading 1403 Unused Serialized files (Serialized files now loaded: 0)
System memory in use before: 66.1 MB.
System memory in use after: 66.2 MB.

Unloading 14 unused Assets to reduce memory usage. Loaded Objects now: 1933.
Total: 3.805000 ms (FindLiveObjects: 0.330300 ms CreateObjectMapping: 0.149300 ms MarkObjects: 3.227800 ms  DeleteObjects: 0.096100 ms)

